<?xml version="1.0" encoding="UTF-8"?>
<testsuite name="org.orange.rampup.springbootstage.controllers.EmployeeControllerTest" tests="1" skipped="0" failures="0" errors="0" timestamp="2022-01-24T11:05:37" hostname="oie-HP-EliteBook-840-G1" time="0.959">
  <properties/>
  <testcase name="testRetrieve()" classname="org.orange.rampup.springbootstage.controllers.EmployeeControllerTest" time="0.959"/>
  <system-out><![CDATA[13:05:30.107 [Test worker] DEBUG org.springframework.test.context.BootstrapUtils - Instantiating CacheAwareContextLoaderDelegate from class [org.springframework.test.context.cache.DefaultCacheAwareContextLoaderDelegate]
13:05:30.119 [Test worker] DEBUG org.springframework.test.context.BootstrapUtils - Instantiating BootstrapContext using constructor [public org.springframework.test.context.support.DefaultBootstrapContext(java.lang.Class,org.springframework.test.context.CacheAwareContextLoaderDelegate)]
13:05:30.166 [Test worker] DEBUG org.springframework.test.context.BootstrapUtils - Instantiating TestContextBootstrapper for test class [org.orange.rampup.springbootstage.controllers.EmployeeControllerTest] from class [org.springframework.boot.test.context.SpringBootTestContextBootstrapper]
13:05:30.180 [Test worker] INFO org.springframework.boot.test.context.SpringBootTestContextBootstrapper - Neither @ContextConfiguration nor @ContextHierarchy found for test class [org.orange.rampup.springbootstage.controllers.EmployeeControllerTest], using SpringBootContextLoader
13:05:30.187 [Test worker] DEBUG org.springframework.test.context.support.AbstractContextLoader - Did not detect default resource location for test class [org.orange.rampup.springbootstage.controllers.EmployeeControllerTest]: class path resource [org/orange/rampup/springbootstage/controllers/EmployeeControllerTest-context.xml] does not exist
13:05:30.189 [Test worker] DEBUG org.springframework.test.context.support.AbstractContextLoader - Did not detect default resource location for test class [org.orange.rampup.springbootstage.controllers.EmployeeControllerTest]: class path resource [org/orange/rampup/springbootstage/controllers/EmployeeControllerTestContext.groovy] does not exist
13:05:30.189 [Test worker] INFO org.springframework.test.context.support.AbstractContextLoader - Could not detect default resource locations for test class [org.orange.rampup.springbootstage.controllers.EmployeeControllerTest]: no resource found for suffixes {-context.xml, Context.groovy}.
13:05:30.190 [Test worker] INFO org.springframework.test.context.support.AnnotationConfigContextLoaderUtils - Could not detect default configuration classes for test class [org.orange.rampup.springbootstage.controllers.EmployeeControllerTest]: EmployeeControllerTest does not declare any static, non-private, non-final, nested classes annotated with @Configuration.
13:05:30.291 [Test worker] DEBUG org.springframework.test.context.support.ActiveProfilesUtils - Could not find an 'annotation declaring class' for annotation type [org.springframework.test.context.ActiveProfiles] and class [org.orange.rampup.springbootstage.controllers.EmployeeControllerTest]
13:05:30.403 [Test worker] DEBUG org.springframework.context.annotation.ClassPathScanningCandidateComponentProvider - Identified candidate component class: file [/home/oie/IdeaProjects/HRSpringBoot/build/classes/java/main/org/orange/rampup/springbootstage/MainApp.class]
13:05:30.405 [Test worker] INFO org.springframework.boot.test.context.SpringBootTestContextBootstrapper - Found @SpringBootConfiguration org.orange.rampup.springbootstage.MainApp for test class org.orange.rampup.springbootstage.controllers.EmployeeControllerTest
13:05:30.515 [Test worker] DEBUG org.springframework.boot.test.context.SpringBootTestContextBootstrapper - @TestExecutionListeners is not present for class [org.orange.rampup.springbootstage.controllers.EmployeeControllerTest]: using defaults.
13:05:30.516 [Test worker] INFO org.springframework.boot.test.context.SpringBootTestContextBootstrapper - Loaded default TestExecutionListener class names from location [META-INF/spring.factories]: [org.springframework.boot.test.autoconfigure.restdocs.RestDocsTestExecutionListener, org.springframework.boot.test.autoconfigure.web.client.MockRestServiceServerResetTestExecutionListener, org.springframework.boot.test.autoconfigure.web.servlet.MockMvcPrintOnlyOnFailureTestExecutionListener, org.springframework.boot.test.autoconfigure.web.servlet.WebDriverTestExecutionListener, org.springframework.boot.test.autoconfigure.webservices.client.MockWebServiceServerTestExecutionListener, org.springframework.boot.test.mock.mockito.MockitoTestExecutionListener, org.springframework.boot.test.mock.mockito.ResetMocksTestExecutionListener, org.springframework.test.context.web.ServletTestExecutionListener, org.springframework.test.context.support.DirtiesContextBeforeModesTestExecutionListener, org.springframework.test.context.event.ApplicationEventsTestExecutionListener, org.springframework.test.context.support.DependencyInjectionTestExecutionListener, org.springframework.test.context.support.DirtiesContextTestExecutionListener, org.springframework.test.context.transaction.TransactionalTestExecutionListener, org.springframework.test.context.jdbc.SqlScriptsTestExecutionListener, org.springframework.test.context.event.EventPublishingTestExecutionListener]
13:05:30.539 [Test worker] INFO org.springframework.boot.test.context.SpringBootTestContextBootstrapper - Using TestExecutionListeners: [org.springframework.test.context.web.ServletTestExecutionListener@1306eb95, org.springframework.test.context.support.DirtiesContextBeforeModesTestExecutionListener@e1540ac, org.springframework.test.context.event.ApplicationEventsTestExecutionListener@150264b2, org.springframework.boot.test.mock.mockito.MockitoTestExecutionListener@49a4fa4a, org.springframework.boot.test.autoconfigure.SpringBootDependencyInjectionTestExecutionListener@6ddafaa8, org.springframework.test.context.support.DirtiesContextTestExecutionListener@496ed79f, org.springframework.test.context.transaction.TransactionalTestExecutionListener@4fcf0df4, org.springframework.test.context.jdbc.SqlScriptsTestExecutionListener@2157c8ed, org.springframework.test.context.event.EventPublishingTestExecutionListener@1b6279d5, org.springframework.boot.test.autoconfigure.restdocs.RestDocsTestExecutionListener@248f8709, org.springframework.boot.test.autoconfigure.web.client.MockRestServiceServerResetTestExecutionListener@13988ec1, org.springframework.boot.test.autoconfigure.web.servlet.MockMvcPrintOnlyOnFailureTestExecutionListener@c172cff, org.springframework.boot.test.autoconfigure.web.servlet.WebDriverTestExecutionListener@4b35079, org.springframework.boot.test.autoconfigure.webservices.client.MockWebServiceServerTestExecutionListener@5c5c2829, org.springframework.boot.test.mock.mockito.ResetMocksTestExecutionListener@be54be5]
13:05:30.544 [Test worker] DEBUG org.springframework.test.context.support.AbstractDirtiesContextTestExecutionListener - Before test class: context [DefaultTestContext@64b894bc testClass = EmployeeControllerTest, testInstance = [null], testMethod = [null], testException = [null], mergedContextConfiguration = [WebMergedContextConfiguration@38d535c7 testClass = EmployeeControllerTest, locations = '{}', classes = '{class org.orange.rampup.springbootstage.MainApp}', contextInitializerClasses = '[]', activeProfiles = '{}', propertySourceLocations = '{}', propertySourceProperties = '{org.springframework.boot.test.context.SpringBootTestContextBootstrapper=true, server.port=0}', contextCustomizers = set[org.springframework.boot.test.autoconfigure.actuate.metrics.MetricsExportContextCustomizerFactory$DisableMetricExportContextCustomizer@219b7e24, org.springframework.boot.test.autoconfigure.properties.PropertyMappingContextCustomizer@0, org.springframework.boot.test.autoconfigure.web.servlet.WebDriverContextCustomizerFactory$Customizer@641a1428, org.springframework.boot.test.context.filter.ExcludeFilterContextCustomizer@74b83499, org.springframework.boot.test.json.DuplicateJsonObjectContextCustomizerFactory$DuplicateJsonObjectContextCustomizer@212856dc, org.springframework.boot.test.mock.mockito.MockitoContextCustomizer@0, org.springframework.boot.test.web.client.TestRestTemplateContextCustomizer@765e0d69, org.springframework.boot.test.context.SpringBootTestArgs@1, org.springframework.boot.test.context.SpringBootTestWebEnvironment@429f756a], resourceBasePath = 'src/main/webapp', contextLoader = 'org.springframework.boot.test.context.SpringBootContextLoader', parent = [null]], attributes = map['org.springframework.test.context.web.ServletTestExecutionListener.activateListener' -> false]], class annotated with @DirtiesContext [false] with mode [null].
13:05:30.562 [Test worker] DEBUG org.springframework.test.context.support.DependencyInjectionTestExecutionListener - Performing dependency injection for test context [[DefaultTestContext@64b894bc testClass = EmployeeControllerTest, testInstance = org.orange.rampup.springbootstage.controllers.EmployeeControllerTest@48fe523f, testMethod = [null], testException = [null], mergedContextConfiguration = [WebMergedContextConfiguration@38d535c7 testClass = EmployeeControllerTest, locations = '{}', classes = '{class org.orange.rampup.springbootstage.MainApp}', contextInitializerClasses = '[]', activeProfiles = '{}', propertySourceLocations = '{}', propertySourceProperties = '{org.springframework.boot.test.context.SpringBootTestContextBootstrapper=true, server.port=0}', contextCustomizers = set[org.springframework.boot.test.autoconfigure.actuate.metrics.MetricsExportContextCustomizerFactory$DisableMetricExportContextCustomizer@219b7e24, org.springframework.boot.test.autoconfigure.properties.PropertyMappingContextCustomizer@0, org.springframework.boot.test.autoconfigure.web.servlet.WebDriverContextCustomizerFactory$Customizer@641a1428, org.springframework.boot.test.context.filter.ExcludeFilterContextCustomizer@74b83499, org.springframework.boot.test.json.DuplicateJsonObjectContextCustomizerFactory$DuplicateJsonObjectContextCustomizer@212856dc, org.springframework.boot.test.mock.mockito.MockitoContextCustomizer@0, org.springframework.boot.test.web.client.TestRestTemplateContextCustomizer@765e0d69, org.springframework.boot.test.context.SpringBootTestArgs@1, org.springframework.boot.test.context.SpringBootTestWebEnvironment@429f756a], resourceBasePath = 'src/main/webapp', contextLoader = 'org.springframework.boot.test.context.SpringBootContextLoader', parent = [null]], attributes = map['org.springframework.test.context.web.ServletTestExecutionListener.activateListener' -> false, 'org.springframework.test.context.event.ApplicationEventsTestExecutionListener.recordApplicationEvents' -> false]]].
13:05:30.630 [Test worker] DEBUG org.springframework.boot.ApplicationServletEnvironment - Activating profiles []
13:05:30.632 [Test worker] DEBUG org.springframework.test.context.support.TestPropertySourceUtils - Adding inlined properties to environment: {spring.jmx.enabled=false, org.springframework.boot.test.context.SpringBootTestContextBootstrapper=true, server.port=0}

  .   ____          _            __ _ _
 /\\ / ___'_ __ _ _(_)_ __  __ _ \ \ \ \
( ( )\___ | '_ | '_| | '_ \/ _` | \ \ \ \
 \\/  ___)| |_)| | | | | || (_| |  ) ) ) )
  '  |____| .__|_| |_|_| |_\__, | / / / /
 =========|_|==============|___/=/_/_/_/
 :: Spring Boot ::                (v2.6.2)

2022-01-24 13:05:31.108  INFO 19064 --- [    Test worker] o.o.r.s.c.EmployeeControllerTest         : Starting EmployeeControllerTest using Java 11.0.13 on oie-HP-EliteBook-840-G1 with PID 19064 (started by oie in /home/oie/IdeaProjects/HRSpringBoot)
2022-01-24 13:05:31.116  INFO 19064 --- [    Test worker] o.o.r.s.c.EmployeeControllerTest         : No active profile set, falling back to default profiles: default
2022-01-24 13:05:32.198  INFO 19064 --- [    Test worker] .s.d.r.c.RepositoryConfigurationDelegate : Bootstrapping Spring Data JPA repositories in DEFAULT mode.
2022-01-24 13:05:32.281  INFO 19064 --- [    Test worker] .s.d.r.c.RepositoryConfigurationDelegate : Finished Spring Data repository scanning in 69 ms. Found 1 JPA repository interfaces.
2022-01-24 13:05:33.265  INFO 19064 --- [    Test worker] o.s.b.w.embedded.tomcat.TomcatWebServer  : Tomcat initialized with port(s): 0 (http)
2022-01-24 13:05:33.282  INFO 19064 --- [    Test worker] o.apache.catalina.core.StandardService   : Starting service [Tomcat]
2022-01-24 13:05:33.283  INFO 19064 --- [    Test worker] org.apache.catalina.core.StandardEngine  : Starting Servlet engine: [Apache Tomcat/9.0.56]
2022-01-24 13:05:33.286  WARN 19064 --- [    Test worker] o.a.catalina.core.AprLifecycleListener   : This listener must only be nested within Server elements, but is in [TomcatEmbeddedContext].
2022-01-24 13:05:33.287  INFO 19064 --- [    Test worker] o.a.catalina.core.AprLifecycleListener   : An older version [1.2.23] of the Apache Tomcat Native library is installed, while Tomcat recommends a minimum version of [1.2.30]
2022-01-24 13:05:33.288  INFO 19064 --- [    Test worker] o.a.catalina.core.AprLifecycleListener   : Loaded Apache Tomcat Native library [1.2.23] using APR version [1.6.5].
2022-01-24 13:05:33.289  INFO 19064 --- [    Test worker] o.a.catalina.core.AprLifecycleListener   : APR capabilities: IPv6 [true], sendfile [true], accept filters [false], random [true], UDS [false].
2022-01-24 13:05:33.289  INFO 19064 --- [    Test worker] o.a.catalina.core.AprLifecycleListener   : APR/OpenSSL configuration: useAprConnector [false], useOpenSSL [true]
2022-01-24 13:05:33.294  INFO 19064 --- [    Test worker] o.a.catalina.core.AprLifecycleListener   : OpenSSL successfully initialized [OpenSSL 1.1.1f  31 Mar 2020]
2022-01-24 13:05:33.466  INFO 19064 --- [    Test worker] o.a.c.c.C.[Tomcat].[localhost].[/]       : Initializing Spring embedded WebApplicationContext
2022-01-24 13:05:33.466  INFO 19064 --- [    Test worker] w.s.c.ServletWebServerApplicationContext : Root WebApplicationContext: initialization completed in 2315 ms
2022-01-24 13:05:33.954  INFO 19064 --- [    Test worker] o.hibernate.jpa.internal.util.LogHelper  : HHH000204: Processing PersistenceUnitInfo [name: default]
2022-01-24 13:05:34.042  INFO 19064 --- [    Test worker] org.hibernate.Version                    : HHH000412: Hibernate ORM core version 5.6.3.Final
2022-01-24 13:05:34.295  INFO 19064 --- [    Test worker] o.hibernate.annotations.common.Version   : HCANN000001: Hibernate Commons Annotations {5.1.2.Final}
2022-01-24 13:05:34.448  INFO 19064 --- [    Test worker] com.zaxxer.hikari.HikariDataSource       : HikariPool-1 - Starting...
2022-01-24 13:05:34.896  INFO 19064 --- [    Test worker] com.zaxxer.hikari.HikariDataSource       : HikariPool-1 - Start completed.
2022-01-24 13:05:34.932  INFO 19064 --- [    Test worker] org.hibernate.dialect.Dialect            : HHH000400: Using dialect: org.hibernate.dialect.MySQL8Dialect
2022-01-24 13:05:35.961  INFO 19064 --- [    Test worker] o.h.e.t.j.p.i.JtaPlatformInitiator       : HHH000490: Using JtaPlatform implementation: [org.hibernate.engine.transaction.jta.platform.internal.NoJtaPlatform]
2022-01-24 13:05:35.974  INFO 19064 --- [    Test worker] j.LocalContainerEntityManagerFactoryBean : Initialized JPA EntityManagerFactory for persistence unit 'default'
2022-01-24 13:05:36.926  WARN 19064 --- [    Test worker] JpaBaseConfiguration$JpaWebConfiguration : spring.jpa.open-in-view is enabled by default. Therefore, database queries may be performed during view rendering. Explicitly configure spring.jpa.open-in-view to disable this warning
2022-01-24 13:05:37.802  INFO 19064 --- [    Test worker] o.s.b.w.embedded.tomcat.TomcatWebServer  : Tomcat started on port(s): 33361 (http) with context path ''
2022-01-24 13:05:37.821  INFO 19064 --- [    Test worker] o.o.r.s.c.EmployeeControllerTest         : Started EmployeeControllerTest in 7.187 seconds (JVM running for 8.963)
]]></system-out>
  <system-err><![CDATA[]]></system-err>
</testsuite>
