<?xml version="1.0" encoding="UTF-8"?>
<testsuite name="org.orange.rampup.springbootstage.controllers.EmployeeControllerTest" tests="1" skipped="0" failures="0" errors="0" timestamp="2022-01-26T10:08:23" hostname="oie-HP-EliteBook-840-G1" time="0.433">
  <properties/>
  <testcase name="shouldAddEmployee()" classname="org.orange.rampup.springbootstage.controllers.EmployeeControllerTest" time="0.433"/>
  <system-out><![CDATA[12:08:16.683 [Test worker] DEBUG org.springframework.test.context.BootstrapUtils - Instantiating CacheAwareContextLoaderDelegate from class [org.springframework.test.context.cache.DefaultCacheAwareContextLoaderDelegate]
12:08:16.705 [Test worker] DEBUG org.springframework.test.context.BootstrapUtils - Instantiating BootstrapContext using constructor [public org.springframework.test.context.support.DefaultBootstrapContext(java.lang.Class,org.springframework.test.context.CacheAwareContextLoaderDelegate)]
12:08:16.822 [Test worker] DEBUG org.springframework.test.context.BootstrapUtils - Instantiating TestContextBootstrapper for test class [org.orange.rampup.springbootstage.controllers.EmployeeControllerTest] from class [org.springframework.boot.test.context.SpringBootTestContextBootstrapper]
12:08:16.851 [Test worker] DEBUG org.springframework.test.context.support.AbstractContextLoader - Did not detect default resource location for test class [org.orange.rampup.springbootstage.controllers.EmployeeControllerTest]: class path resource [org/orange/rampup/springbootstage/controllers/EmployeeControllerTest-context.xml] does not exist
12:08:16.853 [Test worker] DEBUG org.springframework.test.context.support.AbstractContextLoader - Did not detect default resource location for test class [org.orange.rampup.springbootstage.controllers.EmployeeControllerTest]: class path resource [org/orange/rampup/springbootstage/controllers/EmployeeControllerTestContext.groovy] does not exist
12:08:16.853 [Test worker] INFO org.springframework.test.context.support.AbstractContextLoader - Could not detect default resource locations for test class [org.orange.rampup.springbootstage.controllers.EmployeeControllerTest]: no resource found for suffixes {-context.xml, Context.groovy}.
12:08:16.854 [Test worker] INFO org.springframework.test.context.support.AnnotationConfigContextLoaderUtils - Could not detect default configuration classes for test class [org.orange.rampup.springbootstage.controllers.EmployeeControllerTest]: EmployeeControllerTest does not declare any static, non-private, non-final, nested classes annotated with @Configuration.
12:08:17.010 [Test worker] DEBUG org.springframework.test.context.support.ActiveProfilesUtils - Could not find an 'annotation declaring class' for annotation type [org.springframework.test.context.ActiveProfiles] and class [org.orange.rampup.springbootstage.controllers.EmployeeControllerTest]
12:08:17.126 [Test worker] DEBUG org.springframework.context.annotation.ClassPathScanningCandidateComponentProvider - Identified candidate component class: file [/home/oie/IdeaProjects/HRSpringBoot/build/classes/java/main/org/orange/rampup/springbootstage/MainApp.class]
12:08:17.127 [Test worker] INFO org.springframework.boot.test.context.SpringBootTestContextBootstrapper - Found @SpringBootConfiguration org.orange.rampup.springbootstage.MainApp for test class org.orange.rampup.springbootstage.controllers.EmployeeControllerTest
12:08:17.260 [Test worker] INFO org.springframework.boot.test.context.SpringBootTestContextBootstrapper - Using TestExecutionListeners: [org.springframework.test.context.support.DependencyInjectionTestExecutionListener@e6cea89, org.springframework.test.context.support.DirtiesContextTestExecutionListener@724e3240, org.springframework.test.context.transaction.TransactionalTestExecutionListener@3b66a9d9, com.github.springtestdbunit.DbUnitTestExecutionListener@7e6db5a7]
12:08:17.269 [Test worker] DEBUG org.springframework.test.context.support.DependencyInjectionTestExecutionListener - Performing dependency injection for test context [[DefaultTestContext@1dd58e8e testClass = EmployeeControllerTest, testInstance = org.orange.rampup.springbootstage.controllers.EmployeeControllerTest@4ae0deec, testMethod = [null], testException = [null], mergedContextConfiguration = [WebMergedContextConfiguration@7177a1f5 testClass = EmployeeControllerTest, locations = '{}', classes = '{class org.orange.rampup.springbootstage.MainApp}', contextInitializerClasses = '[]', activeProfiles = '{}', propertySourceLocations = '{}', propertySourceProperties = '{org.springframework.boot.test.context.SpringBootTestContextBootstrapper=true}', contextCustomizers = set[org.springframework.boot.test.autoconfigure.actuate.metrics.MetricsExportContextCustomizerFactory$DisableMetricExportContextCustomizer@1aa210a0, org.springframework.boot.test.autoconfigure.properties.PropertyMappingContextCustomizer@4b3fa0b3, org.springframework.boot.test.autoconfigure.web.servlet.WebDriverContextCustomizerFactory$Customizer@149e9227, [ImportsContextCustomizer@62367831 key = [org.springframework.boot.test.autoconfigure.web.servlet.MockMvcAutoConfiguration, org.springframework.boot.test.autoconfigure.web.servlet.MockMvcWebClientAutoConfiguration, org.springframework.boot.test.autoconfigure.web.servlet.MockMvcWebDriverAutoConfiguration, org.springframework.boot.autoconfigure.security.oauth2.client.servlet.OAuth2ClientAutoConfiguration, org.springframework.boot.autoconfigure.security.oauth2.resource.servlet.OAuth2ResourceServerAutoConfiguration, org.springframework.boot.autoconfigure.security.servlet.SecurityAutoConfiguration, org.springframework.boot.autoconfigure.security.servlet.SecurityFilterAutoConfiguration, org.springframework.boot.autoconfigure.security.servlet.UserDetailsServiceAutoConfiguration, org.springframework.boot.test.autoconfigure.web.servlet.MockMvcSecurityConfiguration, org.springframework.boot.test.autoconfigure.web.reactive.WebTestClientAutoConfiguration]], org.springframework.boot.test.context.filter.ExcludeFilterContextCustomizer@2a8b19a4, org.springframework.boot.test.json.DuplicateJsonObjectContextCustomizerFactory$DuplicateJsonObjectContextCustomizer@17fc944d, org.springframework.boot.test.mock.mockito.MockitoContextCustomizer@0, org.springframework.boot.test.web.client.TestRestTemplateContextCustomizer@a535042, org.springframework.test.context.web.socket.MockServerContainerContextCustomizer@5ba4c51b, org.springframework.boot.test.context.SpringBootTestArgs@1, org.springframework.boot.test.context.SpringBootTestWebEnvironment@7c7b2673], resourceBasePath = 'src/main/webapp', contextLoader = 'org.springframework.boot.test.context.SpringBootContextLoader', parent = [null]], attributes = map['org.springframework.test.context.web.ServletTestExecutionListener.activateListener' -> true]]].
12:08:17.332 [Test worker] DEBUG org.springframework.boot.ApplicationServletEnvironment - Activating profiles []
12:08:17.334 [Test worker] DEBUG org.springframework.test.context.support.TestPropertySourceUtils - Adding inlined properties to environment: {spring.jmx.enabled=false, org.springframework.boot.test.context.SpringBootTestContextBootstrapper=true}

  .   ____          _            __ _ _
 /\\ / ___'_ __ _ _(_)_ __  __ _ \ \ \ \
( ( )\___ | '_ | '_| | '_ \/ _` | \ \ \ \
 \\/  ___)| |_)| | | | | || (_| |  ) ) ) )
  '  |____| .__|_| |_|_| |_\__, | / / / /
 =========|_|==============|___/=/_/_/_/
 :: Spring Boot ::                (v2.6.2)

2022-01-26 12:08:17.962  INFO 57597 --- [    Test worker] o.o.r.s.c.EmployeeControllerTest         : Starting EmployeeControllerTest using Java 11.0.13 on oie-HP-EliteBook-840-G1 with PID 57597 (started by oie in /home/oie/IdeaProjects/HRSpringBoot)
2022-01-26 12:08:17.967  INFO 57597 --- [    Test worker] o.o.r.s.c.EmployeeControllerTest         : No active profile set, falling back to default profiles: default
2022-01-26 12:08:19.108  INFO 57597 --- [    Test worker] .s.d.r.c.RepositoryConfigurationDelegate : Bootstrapping Spring Data JPA repositories in DEFAULT mode.
2022-01-26 12:08:19.177  INFO 57597 --- [    Test worker] .s.d.r.c.RepositoryConfigurationDelegate : Finished Spring Data repository scanning in 59 ms. Found 1 JPA repository interfaces.
2022-01-26 12:08:19.930  INFO 57597 --- [    Test worker] com.zaxxer.hikari.HikariDataSource       : HikariPool-1 - Starting...
2022-01-26 12:08:20.152  INFO 57597 --- [    Test worker] com.zaxxer.hikari.HikariDataSource       : HikariPool-1 - Start completed.
2022-01-26 12:08:20.266  INFO 57597 --- [    Test worker] o.hibernate.jpa.internal.util.LogHelper  : HHH000204: Processing PersistenceUnitInfo [name: default]
2022-01-26 12:08:20.363  INFO 57597 --- [    Test worker] org.hibernate.Version                    : HHH000412: Hibernate ORM core version 5.6.3.Final
2022-01-26 12:08:20.643  INFO 57597 --- [    Test worker] o.hibernate.annotations.common.Version   : HCANN000001: Hibernate Commons Annotations {5.1.2.Final}
2022-01-26 12:08:20.829  INFO 57597 --- [    Test worker] org.hibernate.dialect.Dialect            : HHH000400: Using dialect: org.hibernate.dialect.H2Dialect
2022-01-26 12:08:21.840  INFO 57597 --- [    Test worker] o.h.e.t.j.p.i.JtaPlatformInitiator       : HHH000490: Using JtaPlatform implementation: [org.hibernate.engine.transaction.jta.platform.internal.NoJtaPlatform]
2022-01-26 12:08:21.851  INFO 57597 --- [    Test worker] j.LocalContainerEntityManagerFactoryBean : Initialized JPA EntityManagerFactory for persistence unit 'default'
2022-01-26 12:08:23.063  WARN 57597 --- [    Test worker] JpaBaseConfiguration$JpaWebConfiguration : spring.jpa.open-in-view is enabled by default. Therefore, database queries may be performed during view rendering. Explicitly configure spring.jpa.open-in-view to disable this warning
2022-01-26 12:08:23.938  INFO 57597 --- [    Test worker] o.s.b.t.m.w.SpringBootMockServletContext : Initializing Spring TestDispatcherServlet ''
2022-01-26 12:08:23.939  INFO 57597 --- [    Test worker] o.s.t.web.servlet.TestDispatcherServlet  : Initializing Servlet ''
2022-01-26 12:08:23.940  INFO 57597 --- [    Test worker] o.s.t.web.servlet.TestDispatcherServlet  : Completed initialization in 1 ms
2022-01-26 12:08:23.965  INFO 57597 --- [    Test worker] o.o.r.s.c.EmployeeControllerTest         : Started EmployeeControllerTest in 6.628 seconds (JVM running for 8.576)
2022-01-26 12:08:24.403  WARN 57597 --- [    Test worker] o.dbunit.dataset.AbstractTableMetaData   : Potential problem found: The configured data type factory 'class org.dbunit.dataset.datatype.DefaultDataTypeFactory' might cause problems with the current database 'H2' (e.g. some datatypes may not be supported properly). In rare cases you might see this message because the list of supported database products is incomplete (list=[derby]). If so please request a java-class update via the forums.If you are using your own IDataTypeFactory extending DefaultDataTypeFactory, ensure that you override getValidDbProducts() to specify the supported database products.
]]></system-out>
  <system-err><![CDATA[]]></system-err>
</testsuite>
