<?xml version="1.0" encoding="UTF-8"?>
<testsuite name="org.orange.rampup.springbootstage.controllers.EmployeeControllerTest" tests="1" skipped="0" failures="0" errors="0" timestamp="2022-01-25T22:24:12" hostname="oie-HP-EliteBook-840-G1" time="0.404">
  <properties/>
  <testcase name="shouldDeleteEmployeeWithId()" classname="org.orange.rampup.springbootstage.controllers.EmployeeControllerTest" time="0.404"/>
  <system-out><![CDATA[00:24:05.460 [Test worker] DEBUG org.springframework.test.context.BootstrapUtils - Instantiating CacheAwareContextLoaderDelegate from class [org.springframework.test.context.cache.DefaultCacheAwareContextLoaderDelegate]
00:24:05.470 [Test worker] DEBUG org.springframework.test.context.BootstrapUtils - Instantiating BootstrapContext using constructor [public org.springframework.test.context.support.DefaultBootstrapContext(java.lang.Class,org.springframework.test.context.CacheAwareContextLoaderDelegate)]
00:24:05.516 [Test worker] DEBUG org.springframework.test.context.BootstrapUtils - Instantiating TestContextBootstrapper for test class [org.orange.rampup.springbootstage.controllers.EmployeeControllerTest] from class [org.springframework.boot.test.context.SpringBootTestContextBootstrapper]
00:24:05.532 [Test worker] INFO org.springframework.boot.test.context.SpringBootTestContextBootstrapper - Neither @ContextConfiguration nor @ContextHierarchy found for test class [org.orange.rampup.springbootstage.controllers.EmployeeControllerTest], using SpringBootContextLoader
00:24:05.538 [Test worker] DEBUG org.springframework.test.context.support.AbstractContextLoader - Did not detect default resource location for test class [org.orange.rampup.springbootstage.controllers.EmployeeControllerTest]: class path resource [org/orange/rampup/springbootstage/controllers/EmployeeControllerTest-context.xml] does not exist
00:24:05.540 [Test worker] DEBUG org.springframework.test.context.support.AbstractContextLoader - Did not detect default resource location for test class [org.orange.rampup.springbootstage.controllers.EmployeeControllerTest]: class path resource [org/orange/rampup/springbootstage/controllers/EmployeeControllerTestContext.groovy] does not exist
00:24:05.540 [Test worker] INFO org.springframework.test.context.support.AbstractContextLoader - Could not detect default resource locations for test class [org.orange.rampup.springbootstage.controllers.EmployeeControllerTest]: no resource found for suffixes {-context.xml, Context.groovy}.
00:24:05.541 [Test worker] INFO org.springframework.test.context.support.AnnotationConfigContextLoaderUtils - Could not detect default configuration classes for test class [org.orange.rampup.springbootstage.controllers.EmployeeControllerTest]: EmployeeControllerTest does not declare any static, non-private, non-final, nested classes annotated with @Configuration.
00:24:05.755 [Test worker] DEBUG org.springframework.context.annotation.ClassPathScanningCandidateComponentProvider - Identified candidate component class: file [/home/oie/IdeaProjects/HRSpringBoot/build/classes/java/main/org/orange/rampup/springbootstage/MainApp.class]
00:24:05.757 [Test worker] INFO org.springframework.boot.test.context.SpringBootTestContextBootstrapper - Found @SpringBootConfiguration org.orange.rampup.springbootstage.MainApp for test class org.orange.rampup.springbootstage.controllers.EmployeeControllerTest
00:24:05.864 [Test worker] DEBUG org.springframework.boot.test.context.SpringBootTestContextBootstrapper - @TestExecutionListeners is not present for class [org.orange.rampup.springbootstage.controllers.EmployeeControllerTest]: using defaults.
00:24:05.865 [Test worker] INFO org.springframework.boot.test.context.SpringBootTestContextBootstrapper - Loaded default TestExecutionListener class names from location [META-INF/spring.factories]: [org.springframework.boot.test.autoconfigure.restdocs.RestDocsTestExecutionListener, org.springframework.boot.test.autoconfigure.web.client.MockRestServiceServerResetTestExecutionListener, org.springframework.boot.test.autoconfigure.web.servlet.MockMvcPrintOnlyOnFailureTestExecutionListener, org.springframework.boot.test.autoconfigure.web.servlet.WebDriverTestExecutionListener, org.springframework.boot.test.autoconfigure.webservices.client.MockWebServiceServerTestExecutionListener, org.springframework.boot.test.mock.mockito.MockitoTestExecutionListener, org.springframework.boot.test.mock.mockito.ResetMocksTestExecutionListener, org.springframework.test.context.web.ServletTestExecutionListener, org.springframework.test.context.support.DirtiesContextBeforeModesTestExecutionListener, org.springframework.test.context.event.ApplicationEventsTestExecutionListener, org.springframework.test.context.support.DependencyInjectionTestExecutionListener, org.springframework.test.context.support.DirtiesContextTestExecutionListener, org.springframework.test.context.transaction.TransactionalTestExecutionListener, org.springframework.test.context.jdbc.SqlScriptsTestExecutionListener, org.springframework.test.context.event.EventPublishingTestExecutionListener]
00:24:05.880 [Test worker] INFO org.springframework.boot.test.context.SpringBootTestContextBootstrapper - Using TestExecutionListeners: [org.springframework.test.context.web.ServletTestExecutionListener@34f004a3, org.springframework.test.context.support.DirtiesContextBeforeModesTestExecutionListener@29da0388, org.springframework.test.context.event.ApplicationEventsTestExecutionListener@1d71f70c, org.springframework.boot.test.mock.mockito.MockitoTestExecutionListener@1b683e64, org.springframework.boot.test.autoconfigure.SpringBootDependencyInjectionTestExecutionListener@2f09e4b6, org.springframework.test.context.support.DirtiesContextTestExecutionListener@5636649c, org.springframework.test.context.transaction.TransactionalTestExecutionListener@44ed20c1, org.springframework.test.context.jdbc.SqlScriptsTestExecutionListener@1eacbd26, org.springframework.test.context.event.EventPublishingTestExecutionListener@7ee0c611, org.springframework.boot.test.autoconfigure.restdocs.RestDocsTestExecutionListener@1b975fd5, org.springframework.boot.test.autoconfigure.web.client.MockRestServiceServerResetTestExecutionListener@36d19f4e, org.springframework.boot.test.autoconfigure.web.servlet.MockMvcPrintOnlyOnFailureTestExecutionListener@4def413f, org.springframework.boot.test.autoconfigure.web.servlet.WebDriverTestExecutionListener@3547c6dd, org.springframework.boot.test.autoconfigure.webservices.client.MockWebServiceServerTestExecutionListener@148f4e57, org.springframework.boot.test.mock.mockito.ResetMocksTestExecutionListener@2e9e8867]
00:24:05.884 [Test worker] DEBUG org.springframework.test.context.support.AbstractDirtiesContextTestExecutionListener - Before test class: context [DefaultTestContext@cbb256a testClass = EmployeeControllerTest, testInstance = [null], testMethod = [null], testException = [null], mergedContextConfiguration = [WebMergedContextConfiguration@6feb8810 testClass = EmployeeControllerTest, locations = '{}', classes = '{class org.orange.rampup.springbootstage.MainApp}', contextInitializerClasses = '[]', activeProfiles = '{test}', propertySourceLocations = '{}', propertySourceProperties = '{org.springframework.boot.test.context.SpringBootTestContextBootstrapper=true}', contextCustomizers = set[org.springframework.boot.test.autoconfigure.actuate.metrics.MetricsExportContextCustomizerFactory$DisableMetricExportContextCustomizer@79a7cfdc, org.springframework.boot.test.autoconfigure.properties.PropertyMappingContextCustomizer@4b3fa0b3, org.springframework.boot.test.autoconfigure.web.servlet.WebDriverContextCustomizerFactory$Customizer@7cb431d8, [ImportsContextCustomizer@6e4327f8 key = [org.springframework.boot.test.autoconfigure.web.servlet.MockMvcAutoConfiguration, org.springframework.boot.test.autoconfigure.web.servlet.MockMvcWebClientAutoConfiguration, org.springframework.boot.test.autoconfigure.web.servlet.MockMvcWebDriverAutoConfiguration, org.springframework.boot.autoconfigure.security.oauth2.client.servlet.OAuth2ClientAutoConfiguration, org.springframework.boot.autoconfigure.security.oauth2.resource.servlet.OAuth2ResourceServerAutoConfiguration, org.springframework.boot.autoconfigure.security.servlet.SecurityAutoConfiguration, org.springframework.boot.autoconfigure.security.servlet.SecurityFilterAutoConfiguration, org.springframework.boot.autoconfigure.security.servlet.UserDetailsServiceAutoConfiguration, org.springframework.boot.test.autoconfigure.web.servlet.MockMvcSecurityConfiguration, org.springframework.boot.test.autoconfigure.web.reactive.WebTestClientAutoConfiguration]], org.springframework.boot.test.context.filter.ExcludeFilterContextCustomizer@1b9ba402, org.springframework.boot.test.json.DuplicateJsonObjectContextCustomizerFactory$DuplicateJsonObjectContextCustomizer@e87e493, org.springframework.boot.test.mock.mockito.MockitoContextCustomizer@0, org.springframework.boot.test.web.client.TestRestTemplateContextCustomizer@3cb808d9, org.springframework.boot.test.context.SpringBootTestArgs@1, org.springframework.boot.test.context.SpringBootTestWebEnvironment@4f727161], resourceBasePath = 'src/main/webapp', contextLoader = 'org.springframework.boot.test.context.SpringBootContextLoader', parent = [null]], attributes = map['org.springframework.test.context.web.ServletTestExecutionListener.activateListener' -> true]], class annotated with @DirtiesContext [false] with mode [null].
00:24:05.954 [Test worker] DEBUG org.springframework.boot.ApplicationServletEnvironment - Activating profiles []
00:24:05.961 [Test worker] DEBUG org.springframework.test.context.support.TestPropertySourceUtils - Adding inlined properties to environment: {spring.jmx.enabled=false, org.springframework.boot.test.context.SpringBootTestContextBootstrapper=true}

  .   ____          _            __ _ _
 /\\ / ___'_ __ _ _(_)_ __  __ _ \ \ \ \
( ( )\___ | '_ | '_| | '_ \/ _` | \ \ \ \
 \\/  ___)| |_)| | | | | || (_| |  ) ) ) )
  '  |____| .__|_| |_|_| |_\__, | / / / /
 =========|_|==============|___/=/_/_/_/
 :: Spring Boot ::                (v2.6.2)

2022-01-26 00:24:06.464  INFO 43243 --- [    Test worker] o.o.r.s.c.EmployeeControllerTest         : Starting EmployeeControllerTest using Java 11.0.13 on oie-HP-EliteBook-840-G1 with PID 43243 (started by oie in /home/oie/IdeaProjects/HRSpringBoot)
2022-01-26 00:24:06.466  INFO 43243 --- [    Test worker] o.o.r.s.c.EmployeeControllerTest         : The following profiles are active: test
2022-01-26 00:24:07.528  INFO 43243 --- [    Test worker] .s.d.r.c.RepositoryConfigurationDelegate : Bootstrapping Spring Data JPA repositories in DEFAULT mode.
2022-01-26 00:24:07.609  INFO 43243 --- [    Test worker] .s.d.r.c.RepositoryConfigurationDelegate : Finished Spring Data repository scanning in 68 ms. Found 1 JPA repository interfaces.
2022-01-26 00:24:08.427  INFO 43243 --- [    Test worker] com.zaxxer.hikari.HikariDataSource       : HikariPool-1 - Starting...
2022-01-26 00:24:08.707  INFO 43243 --- [    Test worker] com.zaxxer.hikari.HikariDataSource       : HikariPool-1 - Start completed.
2022-01-26 00:24:08.844  INFO 43243 --- [    Test worker] o.hibernate.jpa.internal.util.LogHelper  : HHH000204: Processing PersistenceUnitInfo [name: default]
2022-01-26 00:24:08.940  INFO 43243 --- [    Test worker] org.hibernate.Version                    : HHH000412: Hibernate ORM core version 5.6.3.Final
2022-01-26 00:24:09.206  INFO 43243 --- [    Test worker] o.hibernate.annotations.common.Version   : HCANN000001: Hibernate Commons Annotations {5.1.2.Final}
2022-01-26 00:24:09.397  INFO 43243 --- [    Test worker] org.hibernate.dialect.Dialect            : HHH000400: Using dialect: org.hibernate.dialect.H2Dialect
2022-01-26 00:24:10.373  INFO 43243 --- [    Test worker] o.h.e.t.j.p.i.JtaPlatformInitiator       : HHH000490: Using JtaPlatform implementation: [org.hibernate.engine.transaction.jta.platform.internal.NoJtaPlatform]
2022-01-26 00:24:10.385  INFO 43243 --- [    Test worker] j.LocalContainerEntityManagerFactoryBean : Initialized JPA EntityManagerFactory for persistence unit 'default'
2022-01-26 00:24:11.307  WARN 43243 --- [    Test worker] JpaBaseConfiguration$JpaWebConfiguration : spring.jpa.open-in-view is enabled by default. Therefore, database queries may be performed during view rendering. Explicitly configure spring.jpa.open-in-view to disable this warning
2022-01-26 00:24:12.105  INFO 43243 --- [    Test worker] o.s.b.t.m.w.SpringBootMockServletContext : Initializing Spring TestDispatcherServlet ''
2022-01-26 00:24:12.106  INFO 43243 --- [    Test worker] o.s.t.web.servlet.TestDispatcherServlet  : Initializing Servlet ''
2022-01-26 00:24:12.108  INFO 43243 --- [    Test worker] o.s.t.web.servlet.TestDispatcherServlet  : Completed initialization in 2 ms
2022-01-26 00:24:12.139  INFO 43243 --- [    Test worker] o.o.r.s.c.EmployeeControllerTest         : Started EmployeeControllerTest in 6.175 seconds (JVM running for 7.79)

MockHttpServletRequest:
      HTTP Method = GET
      Request URI = /employees/1/remove
       Parameters = {}
          Headers = []
             Body = null
    Session Attrs = {}

Handler:
             Type = org.orange.rampup.springbootstage.controllers.EmployeeController
           Method = org.orange.rampup.springbootstage.controllers.EmployeeController#check(int)

Async:
    Async started = false
     Async result = null

Resolved Exception:
             Type = null

ModelAndView:
        View name = null
             View = null
            Model = null

FlashMap:
       Attributes = null

MockHttpServletResponse:
           Status = 200
    Error message = null
          Headers = [Content-Type:"text/plain;charset=UTF-8", Content-Length:"18"]
     Content type = text/plain;charset=UTF-8
             Body = Succefully Deleted
    Forwarded URL = null
   Redirected URL = null
          Cookies = []
]]></system-out>
  <system-err><![CDATA[]]></system-err>
</testsuite>
