<?xml version="1.0" encoding="UTF-8"?>
<testsuite name="org.orange.rampup.springbootstage.controllers.EmployeeControllerTest" tests="5" skipped="0" failures="0" errors="0" timestamp="2022-01-23T15:34:15" hostname="oie-HP-EliteBook-840-G1" time="0.311">
  <properties/>
  <testcase name="retrieveEmployeesByTeam()" classname="org.orange.rampup.springbootstage.controllers.EmployeeControllerTest" time="0.131"/>
  <testcase name="deleteEmployee()" classname="org.orange.rampup.springbootstage.controllers.EmployeeControllerTest" time="0.005"/>
  <testcase name="addEmployee()" classname="org.orange.rampup.springbootstage.controllers.EmployeeControllerTest" time="0.127"/>
  <testcase name="get_allVehicles_returnsOkWithListOfVehicles()" classname="org.orange.rampup.springbootstage.controllers.EmployeeControllerTest" time="0.04"/>
  <testcase name="retrieveEmployees()" classname="org.orange.rampup.springbootstage.controllers.EmployeeControllerTest" time="0.003"/>
  <system-out><![CDATA[17:34:07.946 [Test worker] DEBUG org.springframework.test.context.BootstrapUtils - Instantiating CacheAwareContextLoaderDelegate from class [org.springframework.test.context.cache.DefaultCacheAwareContextLoaderDelegate]
17:34:07.957 [Test worker] DEBUG org.springframework.test.context.BootstrapUtils - Instantiating BootstrapContext using constructor [public org.springframework.test.context.support.DefaultBootstrapContext(java.lang.Class,org.springframework.test.context.CacheAwareContextLoaderDelegate)]
17:34:08.013 [Test worker] DEBUG org.springframework.test.context.BootstrapUtils - Instantiating TestContextBootstrapper for test class [org.orange.rampup.springbootstage.controllers.EmployeeControllerTest] from class [org.springframework.boot.test.context.SpringBootTestContextBootstrapper]
17:34:08.033 [Test worker] INFO org.springframework.boot.test.context.SpringBootTestContextBootstrapper - Neither @ContextConfiguration nor @ContextHierarchy found for test class [org.orange.rampup.springbootstage.controllers.EmployeeControllerTest], using SpringBootContextLoader
17:34:08.040 [Test worker] DEBUG org.springframework.test.context.support.AbstractContextLoader - Did not detect default resource location for test class [org.orange.rampup.springbootstage.controllers.EmployeeControllerTest]: class path resource [org/orange/rampup/springbootstage/controllers/EmployeeControllerTest-context.xml] does not exist
17:34:08.041 [Test worker] DEBUG org.springframework.test.context.support.AbstractContextLoader - Did not detect default resource location for test class [org.orange.rampup.springbootstage.controllers.EmployeeControllerTest]: class path resource [org/orange/rampup/springbootstage/controllers/EmployeeControllerTestContext.groovy] does not exist
17:34:08.042 [Test worker] INFO org.springframework.test.context.support.AbstractContextLoader - Could not detect default resource locations for test class [org.orange.rampup.springbootstage.controllers.EmployeeControllerTest]: no resource found for suffixes {-context.xml, Context.groovy}.
17:34:08.043 [Test worker] INFO org.springframework.test.context.support.AnnotationConfigContextLoaderUtils - Could not detect default configuration classes for test class [org.orange.rampup.springbootstage.controllers.EmployeeControllerTest]: EmployeeControllerTest does not declare any static, non-private, non-final, nested classes annotated with @Configuration.
17:34:08.253 [Test worker] DEBUG org.springframework.context.annotation.ClassPathScanningCandidateComponentProvider - Identified candidate component class: file [/home/oie/IdeaProjects/HRSpringBoot/build/classes/java/main/org/orange/rampup/springbootstage/MainApp.class]
17:34:08.254 [Test worker] INFO org.springframework.boot.test.context.SpringBootTestContextBootstrapper - Found @SpringBootConfiguration org.orange.rampup.springbootstage.MainApp for test class org.orange.rampup.springbootstage.controllers.EmployeeControllerTest
17:34:08.384 [Test worker] DEBUG org.springframework.boot.test.context.SpringBootTestContextBootstrapper - @TestExecutionListeners is not present for class [org.orange.rampup.springbootstage.controllers.EmployeeControllerTest]: using defaults.
17:34:08.385 [Test worker] INFO org.springframework.boot.test.context.SpringBootTestContextBootstrapper - Loaded default TestExecutionListener class names from location [META-INF/spring.factories]: [org.springframework.boot.test.autoconfigure.restdocs.RestDocsTestExecutionListener, org.springframework.boot.test.autoconfigure.web.client.MockRestServiceServerResetTestExecutionListener, org.springframework.boot.test.autoconfigure.web.servlet.MockMvcPrintOnlyOnFailureTestExecutionListener, org.springframework.boot.test.autoconfigure.web.servlet.WebDriverTestExecutionListener, org.springframework.boot.test.autoconfigure.webservices.client.MockWebServiceServerTestExecutionListener, org.springframework.boot.test.mock.mockito.MockitoTestExecutionListener, org.springframework.boot.test.mock.mockito.ResetMocksTestExecutionListener, org.springframework.test.context.web.ServletTestExecutionListener, org.springframework.test.context.support.DirtiesContextBeforeModesTestExecutionListener, org.springframework.test.context.event.ApplicationEventsTestExecutionListener, org.springframework.test.context.support.DependencyInjectionTestExecutionListener, org.springframework.test.context.support.DirtiesContextTestExecutionListener, org.springframework.test.context.transaction.TransactionalTestExecutionListener, org.springframework.test.context.jdbc.SqlScriptsTestExecutionListener, org.springframework.test.context.event.EventPublishingTestExecutionListener]
17:34:08.406 [Test worker] INFO org.springframework.boot.test.context.SpringBootTestContextBootstrapper - Using TestExecutionListeners: [org.springframework.test.context.web.ServletTestExecutionListener@54ed1d7c, org.springframework.test.context.support.DirtiesContextBeforeModesTestExecutionListener@20fb5466, org.springframework.test.context.event.ApplicationEventsTestExecutionListener@2497c4c3, org.springframework.boot.test.mock.mockito.MockitoTestExecutionListener@2614796a, org.springframework.boot.test.autoconfigure.SpringBootDependencyInjectionTestExecutionListener@1aae8629, org.springframework.test.context.support.DirtiesContextTestExecutionListener@608ca97e, org.springframework.test.context.transaction.TransactionalTestExecutionListener@7a27d870, org.springframework.test.context.jdbc.SqlScriptsTestExecutionListener@7f7d3177, org.springframework.test.context.event.EventPublishingTestExecutionListener@110c6f7f, org.springframework.boot.test.autoconfigure.restdocs.RestDocsTestExecutionListener@144ee379, org.springframework.boot.test.autoconfigure.web.client.MockRestServiceServerResetTestExecutionListener@506e5dd8, org.springframework.boot.test.autoconfigure.web.servlet.MockMvcPrintOnlyOnFailureTestExecutionListener@460e382b, org.springframework.boot.test.autoconfigure.web.servlet.WebDriverTestExecutionListener@348bd002, org.springframework.boot.test.autoconfigure.webservices.client.MockWebServiceServerTestExecutionListener@57bdb8c1, org.springframework.boot.test.mock.mockito.ResetMocksTestExecutionListener@759fbf73]
17:34:08.411 [Test worker] DEBUG org.springframework.test.context.support.AbstractDirtiesContextTestExecutionListener - Before test class: context [DefaultTestContext@bf9a95d testClass = EmployeeControllerTest, testInstance = [null], testMethod = [null], testException = [null], mergedContextConfiguration = [WebMergedContextConfiguration@39a2a09b testClass = EmployeeControllerTest, locations = '{}', classes = '{class org.orange.rampup.springbootstage.MainApp}', contextInitializerClasses = '[]', activeProfiles = '{test}', propertySourceLocations = '{}', propertySourceProperties = '{org.springframework.boot.test.context.SpringBootTestContextBootstrapper=true}', contextCustomizers = set[org.springframework.boot.test.autoconfigure.actuate.metrics.MetricsExportContextCustomizerFactory$DisableMetricExportContextCustomizer@2a7f3479, org.springframework.boot.test.autoconfigure.properties.PropertyMappingContextCustomizer@4b3fa0b3, org.springframework.boot.test.autoconfigure.web.servlet.WebDriverContextCustomizerFactory$Customizer@5565f74a, [ImportsContextCustomizer@280c656d key = [org.springframework.boot.test.autoconfigure.web.servlet.MockMvcAutoConfiguration, org.springframework.boot.test.autoconfigure.web.servlet.MockMvcWebClientAutoConfiguration, org.springframework.boot.test.autoconfigure.web.servlet.MockMvcWebDriverAutoConfiguration, org.springframework.boot.autoconfigure.security.oauth2.client.servlet.OAuth2ClientAutoConfiguration, org.springframework.boot.autoconfigure.security.oauth2.resource.servlet.OAuth2ResourceServerAutoConfiguration, org.springframework.boot.autoconfigure.security.servlet.SecurityAutoConfiguration, org.springframework.boot.autoconfigure.security.servlet.SecurityFilterAutoConfiguration, org.springframework.boot.autoconfigure.security.servlet.UserDetailsServiceAutoConfiguration, org.springframework.boot.test.autoconfigure.web.servlet.MockMvcSecurityConfiguration, org.springframework.boot.test.autoconfigure.web.reactive.WebTestClientAutoConfiguration]], org.springframework.boot.test.context.filter.ExcludeFilterContextCustomizer@3eba7063, org.springframework.boot.test.json.DuplicateJsonObjectContextCustomizerFactory$DuplicateJsonObjectContextCustomizer@63acbd71, org.springframework.boot.test.mock.mockito.MockitoContextCustomizer@0, org.springframework.boot.test.web.client.TestRestTemplateContextCustomizer@e4e3636, org.springframework.boot.test.context.SpringBootTestArgs@1, org.springframework.boot.test.context.SpringBootTestWebEnvironment@1efc4b95], resourceBasePath = 'src/main/webapp', contextLoader = 'org.springframework.boot.test.context.SpringBootContextLoader', parent = [null]], attributes = map['org.springframework.test.context.web.ServletTestExecutionListener.activateListener' -> true]], class annotated with @DirtiesContext [false] with mode [null].
17:34:08.483 [Test worker] DEBUG org.springframework.boot.ApplicationServletEnvironment - Activating profiles []
17:34:08.488 [Test worker] DEBUG org.springframework.test.context.support.TestPropertySourceUtils - Adding inlined properties to environment: {spring.jmx.enabled=false, org.springframework.boot.test.context.SpringBootTestContextBootstrapper=true}

  .   ____          _            __ _ _
 /\\ / ___'_ __ _ _(_)_ __  __ _ \ \ \ \
( ( )\___ | '_ | '_| | '_ \/ _` | \ \ \ \
 \\/  ___)| |_)| | | | | || (_| |  ) ) ) )
  '  |____| .__|_| |_|_| |_\__, | / / / /
 =========|_|==============|___/=/_/_/_/
 :: Spring Boot ::                (v2.6.2)

2022-01-23 17:34:09.011  INFO 88564 --- [    Test worker] o.o.r.s.c.EmployeeControllerTest         : Starting EmployeeControllerTest using Java 11.0.13 on oie-HP-EliteBook-840-G1 with PID 88564 (started by oie in /home/oie/IdeaProjects/HRSpringBoot)
2022-01-23 17:34:09.016  INFO 88564 --- [    Test worker] o.o.r.s.c.EmployeeControllerTest         : The following profiles are active: test
2022-01-23 17:34:10.140  INFO 88564 --- [    Test worker] .s.d.r.c.RepositoryConfigurationDelegate : Bootstrapping Spring Data JPA repositories in DEFAULT mode.
2022-01-23 17:34:10.216  INFO 88564 --- [    Test worker] .s.d.r.c.RepositoryConfigurationDelegate : Finished Spring Data repository scanning in 61 ms. Found 1 JPA repository interfaces.
2022-01-23 17:34:11.116  INFO 88564 --- [    Test worker] o.hibernate.jpa.internal.util.LogHelper  : HHH000204: Processing PersistenceUnitInfo [name: default]
2022-01-23 17:34:11.186  INFO 88564 --- [    Test worker] org.hibernate.Version                    : HHH000412: Hibernate ORM core version 5.6.3.Final
2022-01-23 17:34:11.422  INFO 88564 --- [    Test worker] o.hibernate.annotations.common.Version   : HCANN000001: Hibernate Commons Annotations {5.1.2.Final}
2022-01-23 17:34:11.616  INFO 88564 --- [    Test worker] com.zaxxer.hikari.HikariDataSource       : HikariPool-1 - Starting...
2022-01-23 17:34:11.628  WARN 88564 --- [    Test worker] com.zaxxer.hikari.util.DriverDataSource  : Registered driver with driverClassName=org.hsqldb.jdbcDriver was not found, trying direct instantiation.
2022-01-23 17:34:11.878  INFO 88564 --- [    Test worker] com.zaxxer.hikari.pool.PoolBase          : HikariPool-1 - Driver does not support get/set network timeout for connections. (Receiver class org.hsqldb.jdbc.JDBCConnection does not define or inherit an implementation of the resolved method 'abstract int getNetworkTimeout()' of interface java.sql.Connection.)
2022-01-23 17:34:11.882  INFO 88564 --- [    Test worker] com.zaxxer.hikari.HikariDataSource       : HikariPool-1 - Start completed.
2022-01-23 17:34:11.901  INFO 88564 --- [    Test worker] org.hibernate.dialect.Dialect            : HHH000400: Using dialect: org.hibernate.dialect.HSQLDialect
2022-01-23 17:34:12.808  INFO 88564 --- [    Test worker] o.h.e.t.j.p.i.JtaPlatformInitiator       : HHH000490: Using JtaPlatform implementation: [org.hibernate.engine.transaction.jta.platform.internal.NoJtaPlatform]
2022-01-23 17:34:12.817  INFO 88564 --- [    Test worker] j.LocalContainerEntityManagerFactoryBean : Initialized JPA EntityManagerFactory for persistence unit 'default'
2022-01-23 17:34:14.023  WARN 88564 --- [    Test worker] JpaBaseConfiguration$JpaWebConfiguration : spring.jpa.open-in-view is enabled by default. Therefore, database queries may be performed during view rendering. Explicitly configure spring.jpa.open-in-view to disable this warning
2022-01-23 17:34:14.954  INFO 88564 --- [    Test worker] .s.s.UserDetailsServiceAutoConfiguration : 

Using generated security password: e6c1c77c-35cb-449d-9d22-e736dd751f88

2022-01-23 17:34:15.323  INFO 88564 --- [    Test worker] o.s.s.web.DefaultSecurityFilterChain     : Will secure any request with [org.springframework.security.web.context.request.async.WebAsyncManagerIntegrationFilter@30f2134d, org.springframework.security.web.context.SecurityContextPersistenceFilter@47842878, org.springframework.security.web.header.HeaderWriterFilter@58e7a850, org.springframework.security.web.csrf.CsrfFilter@6574db24, org.springframework.security.web.authentication.logout.LogoutFilter@3086de67, org.springframework.security.web.authentication.UsernamePasswordAuthenticationFilter@3d68fa25, org.springframework.security.web.authentication.ui.DefaultLoginPageGeneratingFilter@10d68ee8, org.springframework.security.web.authentication.ui.DefaultLogoutPageGeneratingFilter@dc92aac, org.springframework.security.web.authentication.www.BasicAuthenticationFilter@7cca4b23, org.springframework.security.web.savedrequest.RequestCacheAwareFilter@2755271c, org.springframework.security.web.servletapi.SecurityContextHolderAwareRequestFilter@41f40c66, org.springframework.security.web.authentication.AnonymousAuthenticationFilter@2374fb65, org.springframework.security.web.session.SessionManagementFilter@46007e27, org.springframework.security.web.access.ExceptionTranslationFilter@6f8155dc, org.springframework.security.web.access.intercept.FilterSecurityInterceptor@c5423d9]
2022-01-23 17:34:15.454  INFO 88564 --- [    Test worker] o.s.b.t.m.w.SpringBootMockServletContext : Initializing Spring TestDispatcherServlet ''
2022-01-23 17:34:15.454  INFO 88564 --- [    Test worker] o.s.t.web.servlet.TestDispatcherServlet  : Initializing Servlet ''
2022-01-23 17:34:15.457  INFO 88564 --- [    Test worker] o.s.t.web.servlet.TestDispatcherServlet  : Completed initialization in 2 ms
2022-01-23 17:34:15.484  INFO 88564 --- [    Test worker] o.o.r.s.c.EmployeeControllerTest         : Started EmployeeControllerTest in 6.993 seconds (JVM running for 8.628)
]]></system-out>
  <system-err><![CDATA[]]></system-err>
</testsuite>
